0 info it worked if it ends with ok
1 verbose cli [ '/Users/ruben/.nvm/versions/node/v6.12.3/bin/node',
1 verbose cli   '/Users/ruben/.nvm/versions/node/v6.12.3/bin/npm',
1 verbose cli   'run',
1 verbose cli   'format' ]
2 info using npm@3.10.10
3 info using node@v6.12.3
4 verbose run-script [ 'preformat', 'format', 'postformat' ]
5 info lifecycle dosm@1.0.0~preformat: dosm@1.0.0
6 silly lifecycle dosm@1.0.0~preformat: no script for preformat, continuing
7 info lifecycle dosm@1.0.0~format: dosm@1.0.0
8 verbose lifecycle dosm@1.0.0~format: unsafe-perm in lifecycle true
9 verbose lifecycle dosm@1.0.0~format: PATH: /Users/ruben/.nvm/versions/node/v6.12.3/lib/node_modules/npm/bin/node-gyp-bin:/Users/ruben/apps/dosm/node_modules/.bin:/Users/ruben/.pyenv/shims:/usr/local/opt/gdal2/bin:/usr/local/opt/gdal2/bin:/Users/ruben/.local/bin:/usr/local/opt/openvpn/sbin:/Users/ruben/.pyenv/shims:/Users/ruben/.nvm/versions/node/v6.12.3/bin:/usr/local/bin:/usr/bin:/bin:/usr/sbin:/sbin:/opt/X11/bin:/Applications/VMware Fusion.app/Contents/Library
10 verbose lifecycle dosm@1.0.0~format: CWD: /Users/ruben/apps/dosm
11 silly lifecycle dosm@1.0.0~format: Args: [ '-c',
11 silly lifecycle   'prettier --single-quote --write --print-width 120 "src/*.js"' ]
12 info lifecycle dosm@1.0.0~format: Failed to exec format script
13 verbose stack Error: dosm@1.0.0 format: `prettier --single-quote --write --print-width 120 "src/*.js"`
13 verbose stack spawn ENOENT
13 verbose stack     at ChildProcess.<anonymous> (/Users/ruben/.nvm/versions/node/v6.12.3/lib/node_modules/npm/lib/utils/spawn.js:33:16)
13 verbose stack     at emitTwo (events.js:106:13)
13 verbose stack     at ChildProcess.emit (events.js:191:7)
13 verbose stack     at maybeClose (internal/child_process.js:920:16)
13 verbose stack     at Process.ChildProcess._handle.onexit (internal/child_process.js:230:5)
14 verbose pkgid dosm@1.0.0
15 verbose cwd /Users/ruben/apps/dosm
16 error Darwin 17.5.0
17 error argv "/Users/ruben/.nvm/versions/node/v6.12.3/bin/node" "/Users/ruben/.nvm/versions/node/v6.12.3/bin/npm" "run" "format"
18 error node v6.12.3
19 error npm  v3.10.10
20 error file sh
21 error code ELIFECYCLE
22 error errno ENOENT
23 error syscall spawn
24 error dosm@1.0.0 format: `prettier --single-quote --write --print-width 120 "src/*.js"`
24 error spawn ENOENT
25 error Failed at the dosm@1.0.0 format script 'prettier --single-quote --write --print-width 120 "src/*.js"'.
25 error Make sure you have the latest version of node.js and npm installed.
25 error If you do, this is most likely a problem with the dosm package,
25 error not with npm itself.
25 error Tell the author that this fails on your system:
25 error     prettier --single-quote --write --print-width 120 "src/*.js"
25 error You can get information on how to open an issue for this project with:
25 error     npm bugs dosm
25 error Or if that isn't available, you can get their info via:
25 error     npm owner ls dosm
25 error There is likely additional logging output above.
26 verbose exit [ 1, true ]
